<?xml version="1.0" encoding="UTF-8"?>
<!-- Generated by org.testng.reporters.JUnitXMLReporter -->
<testsuite hostname="Lingaraj-PC" ignored="0" name="Surefire test" tests="3" failures="0" timestamp="2022-05-11T10:41:36 IST" time="0.06" errors="0">
  <testcase name="createCampTest" time="0.009" classname="com.crm.comcast.campaignTest.CreateModDelCampTest"/>
  <testcase name="delCampTest" time="0.0" classname="com.crm.comcast.campaignTest.CreateModDelCampTest"/>
  <testcase name="modifyCampTest" time="0.001" classname="com.crm.comcast.campaignTest.CreateModDelCampTest"/>
</testsuite> <!-- Surefire test -->
