<?xml version="1.0" encoding="UTF-8"?>
<!-- Generated by org.testng.reporters.JUnitXMLReporter -->
<testsuite ignored="0" hostname="Lingaraj-PC" failures="0" tests="3" name="Default test" time="0.097" errors="0" timestamp="2022-05-10T16:09:46 IST">
  <testcase classname="comCastFrameWork.CreateModDelConTest" name="createConTest" time="0.032"/>
  <testcase classname="comCastFrameWork.CreateModDelConTest" name="delConTest" time="0.002"/>
  <testcase classname="comCastFrameWork.CreateModDelConTest" name="modifyConTest" time="0.004"/>
</testsuite> <!-- Default test -->
