<?xml version="1.0" encoding="UTF-8"?>
<!-- Generated by org.testng.reporters.JUnitXMLReporter -->
<testsuite hostname="Lingaraj-PC" ignored="0" name="Command line test" tests="9" failures="0" timestamp="2022-05-10T13:02:16 IST" time="0.188" errors="0">
  <testcase name="createCampTest" time="0.01" classname="com.crm.comcast.campaignTest.CreateModDelCampTest"/>
  <testcase name="delCampTest" time="0.001" classname="com.crm.comcast.campaignTest.CreateModDelCampTest"/>
  <testcase name="modifyCampTest" time="0.002" classname="com.crm.comcast.campaignTest.CreateModDelCampTest"/>
  <testcase name="createConTest" time="0.001" classname="com.crm.comcast.contactTest.CreateModDelConTest"/>
  <testcase name="delConTest" time="0.0" classname="com.crm.comcast.contactTest.CreateModDelConTest"/>
  <testcase name="modifyConTest" time="0.001" classname="com.crm.comcast.contactTest.CreateModDelConTest"/>
  <testcase name="createOrgTest" time="0.0" classname="com.crm.comcast.organizationTest.CreateModDelOrgTest"/>
  <testcase name="delOrgTest" time="0.0" classname="com.crm.comcast.organizationTest.CreateModDelOrgTest"/>
  <testcase name="modifyOrgTest" time="0.001" classname="com.crm.comcast.organizationTest.CreateModDelOrgTest"/>
</testsuite> <!-- Command line test -->
