<?xml version="1.0" encoding="UTF-8"?>
<!-- Generated by org.testng.reporters.JUnitXMLReporter -->
<testsuite hostname="Lingaraj-PC" ignored="0" name="Test" tests="9" failures="0" timestamp="2022-05-13T13:01:06 IST" time="0.085" errors="0">
  <testcase name="createConTest" time="0.008" classname="comCastFrameWork.CreateModDelConTest"/>
  <testcase name="delConTest" time="0.0" classname="comCastFrameWork.CreateModDelConTest"/>
  <testcase name="modifyConTest" time="0.0" classname="comCastFrameWork.CreateModDelConTest"/>
  <testcase name="createCampTest" time="0.0" classname="com.crm.comcast.campaignTest.CreateModDelCampTest"/>
  <testcase name="delCampTest" time="0.001" classname="com.crm.comcast.campaignTest.CreateModDelCampTest"/>
  <testcase name="modifyCampTest" time="0.001" classname="com.crm.comcast.campaignTest.CreateModDelCampTest"/>
  <testcase name="createOrgTest" time="0.002" classname="com.crm.comcast.organizationTest.CreateModDelOrgTest"/>
  <testcase name="delOrgTest" time="0.001" classname="com.crm.comcast.organizationTest.CreateModDelOrgTest"/>
  <testcase name="modifyOrgTest" time="0.002" classname="com.crm.comcast.organizationTest.CreateModDelOrgTest"/>
</testsuite> <!-- Test -->
