<?xml version="1.0" encoding="UTF-8"?>
<testng-results ignored="0" total="3" passed="3" failed="0" skipped="0">
  <reporter-output>
  </reporter-output>
  <suite started-at="2022-05-10T16:09:46 IST" name="Default suite" finished-at="2022-05-10T16:09:46 IST" duration-ms="97">
    <groups>
      <group name="regression">
        <method signature="CreateModDelConTest.delConTest()[pri:0, instance:comCastFrameWork.CreateModDelConTest@2f54a33d]" name="delConTest" class="comCastFrameWork.CreateModDelConTest"/>
        <method signature="CreateModDelConTest.modifyConTest()[pri:0, instance:comCastFrameWork.CreateModDelConTest@2f54a33d]" name="modifyConTest" class="comCastFrameWork.CreateModDelConTest"/>
      </group> <!-- regression -->
      <group name="smoke">
        <method signature="CreateModDelConTest.createConTest()[pri:0, instance:comCastFrameWork.CreateModDelConTest@2f54a33d]" name="createConTest" class="comCastFrameWork.CreateModDelConTest"/>
      </group> <!-- smoke -->
    </groups>
    <test started-at="2022-05-10T16:09:46 IST" name="Default test" finished-at="2022-05-10T16:09:46 IST" duration-ms="97">
      <class name="comCastFrameWork.CreateModDelConTest">
        <test-method signature="createConTest()[pri:0, instance:comCastFrameWork.CreateModDelConTest@2f54a33d]" started-at="2022-05-10T16:09:46 IST" name="createConTest" finished-at="2022-05-10T16:09:46 IST" duration-ms="32" status="PASS">
          <reporter-output>
          </reporter-output>
        </test-method> <!-- createConTest -->
        <test-method signature="delConTest()[pri:0, instance:comCastFrameWork.CreateModDelConTest@2f54a33d]" started-at="2022-05-10T16:09:46 IST" name="delConTest" finished-at="2022-05-10T16:09:46 IST" duration-ms="2" status="PASS">
          <reporter-output>
          </reporter-output>
        </test-method> <!-- delConTest -->
        <test-method signature="modifyConTest()[pri:0, instance:comCastFrameWork.CreateModDelConTest@2f54a33d]" started-at="2022-05-10T16:09:46 IST" name="modifyConTest" finished-at="2022-05-10T16:09:46 IST" duration-ms="4" status="PASS">
          <reporter-output>
          </reporter-output>
        </test-method> <!-- modifyConTest -->
      </class> <!-- comCastFrameWork.CreateModDelConTest -->
    </test> <!-- Default test -->
  </suite> <!-- Default suite -->
</testng-results>
